<?xml version="1.0" encoding="UTF-8"?>
<!-- Generated by org.testng.reporters.JUnitReportReporter -->
<testsuite hostname="Devendra" failures="0" tests="2" name="com.mystore.testcases.TC_myAccountPageTest" time="18.099" errors="0" timestamp="2022-10-07T19:14:24 IST" skipped="1">
  <testcase classname="com.mystore.testcases.TC_myAccountPageTest" name="verifylogin" time="18.099"/>
  <system-out/>
  <testcase classname="com.mystore.testcases.TC_myAccountPageTest" name="verifyregistrationAndLogin">
    <skipped/>
  </testcase> <!-- verifyregistrationAndLogin -->
  <system-out/>
</testsuite> <!-- com.mystore.testcases.TC_myAccountPageTest -->
